<?xml version="1.0" encoding="UTF-8"?>
<!-- Generated by org.testng.reporters.JUnitReportReporter -->
<testsuite skipped="0" hostname="ml-srudrappan-01061-salido" name="Listeners.testngexample2" tests="1" failures="0" timestamp="2020-11-09T22:20:52 IST" time="1.014" errors="0">
  <testcase name="checkLink" time="1.014" classname="Listeners.testngexample2"/>
</testsuite> <!-- Listeners.testngexample2 -->
